0 info it worked if it ends with ok
1 verbose cli [ 'C:\\dev1\\nodejs\\node.exe',
1 verbose cli   'C:\\dev1\\nodejs\\node_modules\\npm\\bin\\npm-cli.js',
1 verbose cli   'run',
1 verbose cli   'test' ]
2 info using npm@3.10.8
3 info using node@v6.9.1
4 verbose run-script [ 'pretest', 'test', 'posttest' ]
5 info lifecycle styles@1.0.0~pretest: styles@1.0.0
6 silly lifecycle styles@1.0.0~pretest: no script for pretest, continuing
7 info lifecycle styles@1.0.0~test: styles@1.0.0
8 verbose lifecycle styles@1.0.0~test: unsafe-perm in lifecycle true
9 verbose lifecycle styles@1.0.0~test: PATH: C:\dev1\nvm\v6.9.1\node_modules\npm\bin\node-gyp-bin;E:\work\react-去场馆微信端\update-react\node_modules\.bin;C:\Program Files (x86)\Intel\iCLS Client\;C:\Program Files\Intel\iCLS Client\;C:\Windows\system32;C:\Windows;C:\Windows\System32\Wbem;C:\Windows\System32\WindowsPowerShell\v1.0\;C:\Program Files (x86)\Intel\Intel(R) Management Engine Components\DAL;C:\Program Files\Intel\Intel(R) Management Engine Components\DAL;C:\Program Files (x86)\Intel\Intel(R) Management Engine Components\IPT;C:\Program Files\Intel\Intel(R) Management Engine Components\IPT;C:\Program Files (x86)\NVIDIA Corporation\PhysX\Common;C:\dev\nvm;C:\dev\nodejs;C:\dev1\nvm;C:\dev1\nodejs;C:\WINDOWS\system32;C:\WINDOWS;C:\WINDOWS\System32\Wbem;C:\WINDOWS\System32\WindowsPowerShell\v1.0\;D:\SVN\bin;C:\Program Files\Intel\WiFi\bin\;C:\Program Files\Common Files\Intel\WirelessCommon\;D:\ruby\Ruby23-x64\bin;C:\dev1\nodejs;C:\dev1\nodejs;C:\dev1\nvm;C:\dev1\npm;C:\Users\kellyZhang\AppData\Local\Microsoft\WindowsApps;C:\Users\kellyZhang\AppData\Local\atom\bin;H:\mysql\mysql-5.7.16-winx64\bin;H:\MongoDB\mongodb\bin
10 verbose lifecycle styles@1.0.0~test: CWD: E:\work\react-去场馆微信端\update-react
11 silly lifecycle styles@1.0.0~test: Args: [ '/d /s /c', 'webpack-dev-server --progress' ]
12 silly lifecycle styles@1.0.0~test: Returned: code: 3221225786  signal: null
13 info lifecycle styles@1.0.0~test: Failed to exec test script
14 verbose stack Error: styles@1.0.0 test: `webpack-dev-server --progress`
14 verbose stack Exit status 3221225786
14 verbose stack     at EventEmitter.<anonymous> (C:\dev1\nvm\v6.9.1\node_modules\npm\lib\utils\lifecycle.js:255:16)
14 verbose stack     at emitTwo (events.js:106:13)
14 verbose stack     at EventEmitter.emit (events.js:191:7)
14 verbose stack     at ChildProcess.<anonymous> (C:\dev1\nvm\v6.9.1\node_modules\npm\lib\utils\spawn.js:40:14)
14 verbose stack     at emitTwo (events.js:106:13)
14 verbose stack     at ChildProcess.emit (events.js:191:7)
14 verbose stack     at maybeClose (internal/child_process.js:877:16)
14 verbose stack     at Process.ChildProcess._handle.onexit (internal/child_process.js:226:5)
15 verbose pkgid styles@1.0.0
16 verbose cwd E:\work\react-去场馆微信端\update-react
17 error Windows_NT 10.0.14393
18 error argv "C:\\dev1\\nodejs\\node.exe" "C:\\dev1\\nodejs\\node_modules\\npm\\bin\\npm-cli.js" "run" "test"
19 error node v6.9.1
20 error npm  v3.10.8
21 error code ELIFECYCLE
22 error styles@1.0.0 test: `webpack-dev-server --progress`
22 error Exit status 3221225786
23 error Failed at the styles@1.0.0 test script 'webpack-dev-server --progress'.
23 error Make sure you have the latest version of node.js and npm installed.
23 error If you do, this is most likely a problem with the styles package,
23 error not with npm itself.
23 error Tell the author that this fails on your system:
23 error     webpack-dev-server --progress
23 error You can get information on how to open an issue for this project with:
23 error     npm bugs styles
23 error Or if that isn't available, you can get their info via:
23 error     npm owner ls styles
23 error There is likely additional logging output above.
24 verbose exit [ 1, true ]
